current directory: /home/runner/work/R-custom/R-custom/.vendor/bundle/ruby/2.7.0/gems/unf_ext-0.0.7.7/ext/unf_ext
/opt/hostedtoolcache/Ruby/2.7.4/x64/bin/ruby -I /opt/hostedtoolcache/Ruby/2.7.4/x64/lib/ruby/2.7.0 -r ./siteconf20210712-10072-t4jdi7.rb extconf.rb
checking for -lstdc++... yes
creating Makefile

current directory: /home/runner/work/R-custom/R-custom/.vendor/bundle/ruby/2.7.0/gems/unf_ext-0.0.7.7/ext/unf_ext
make "DESTDIR=" clean
make[1]: Entering directory '/home/runner/work/R-custom/R-custom/.vendor/bundle/ruby/2.7.0/gems/unf_ext-0.0.7.7/ext/unf_ext'
Makefile:175: warning: overriding recipe for target 'clean'
€™îTV:175: warning: ignoring old recipe for target 'clean'
Makefile:182: warning: overriding recipe for target 'distclean'
€™îTV:182: warning: ignoring old recipe for target 'distclean'
Makefile:190: warning: overriding recipe for target 'install-so'
€™îTV:190: warning: ignoring old recipe for target 'install-so'
Makefile:200: warning: overriding recipe for target 'pre-install-rb-default'
€™îTV:200: warning: ignoring old recipe for target 'pre-install-rb-default'
Makefile:202: warning: overriding recipe for target '.sitearchdir.time'
€™îTV:202: warning: ignoring old recipe for target '.sitearchdir.time'
Makefile:212: warning: overriding recipe for target '.cc.o'
€™îTV:212: warning: ignoring old recipe for target '.cc.o'
Makefile:216: warning: overriding recipe for target '.cc.S'
€™îTV:216: warning: ignoring old recipe for target '.cc.S'
Makefile:220: warning: overriding recipe for target '.mm.o'
€™îTV:220: warning: ignoring old recipe for target '.mm.o'
Makefile:224: warning: overriding recipe for target '.mm.S'
€™îTV:224: warning: ignoring old recipe for target '.mm.S'
Makefile:228: warning: overriding recipe for target '.cxx.o'
€™îTV:228: warning: ignoring old recipe for target '.cxx.o'
Makefile:232: warning: overriding recipe for target '.cxx.S'
€™îTV:232: warning: ignoring old recipe for target '.cxx.S'
Makefile:236: warning: overriding recipe for target '.cpp.o'
€™îTV:236: warning: ignoring old recipe for target '.cpp.o'
Makefile:240: warning: overriding recipe for target '.cpp.S'
€™îTV:240: warning: ignoring old recipe for target '.cpp.S'
Makefile:244: warning: overriding recipe for target '.c.o'
€™îTV:244: warning: ignoring old recipe for target '.c.o'
Makefile:248: warning: overriding recipe for target '.c.S'
€™îTV:248: warning: ignoring old recipe for target '.c.S'
Makefile:252: warning: overriding recipe for target '.m.o'
€™îTV:252: warning: ignoring old recipe for target '.m.o'
Makefile:256: warning: overriding recipe for target '.m.S'
€™îTV:256: warning: ignoring old recipe for target '.m.S'
Makefile:260: warning: overriding recipe for target 'unf_ext.so'
€™îTV:260: warning: ignoring old recipe for target 'unf_ext.so'
make[1]: Leaving directory '/home/runner/work/R-custom/R-custom/.vendor/bundle/ruby/2.7.0/gems/unf_ext-0.0.7.7/ext/unf_ext'

current directory: /home/runner/work/R-custom/R-custom/.vendor/bundle/ruby/2.7.0/gems/unf_ext-0.0.7.7/ext/unf_ext
make "DESTDIR="
make[1]: Entering directory '/home/runner/work/R-custom/R-custom/.vendor/bundle/ruby/2.7.0/gems/unf_ext-0.0.7.7/ext/unf_ext'
Makefile:175: warning: overriding recipe for target 'clean'
€	3±EV:175: warning: ignoring old recipe for target 'clean'
Makefile:182: warning: overriding recipe for target 'distclean'
€	3±EV:182: warning: ignoring old recipe for target 'distclean'
Makefile:190: warning: overriding recipe for target 'install-so'
€	3±EV:190: warning: ignoring old recipe for target 'install-so'
Makefile:200: warning: overriding recipe for target 'pre-install-rb-default'
€	3±EV:200: warning: ignoring old recipe for target 'pre-install-rb-default'
Makefile:202: warning: overriding recipe for target '.sitearchdir.time'
€	3±EV:202: warning: ignoring old recipe for target '.sitearchdir.time'
Makefile:212: warning: overriding recipe for target '.cc.o'
€	3±EV:212: warning: ignoring old recipe for target '.cc.o'
Makefile:216: warning: overriding recipe for target '.cc.S'
€	3±EV:216: warning: ignoring old recipe for target '.cc.S'
Makefile:220: warning: overriding recipe for target '.mm.o'
€	3±EV:220: warning: ignoring old recipe for target '.mm.o'
Makefile:224: warning: overriding recipe for target '.mm.S'
€	3±EV:224: warning: ignoring old recipe for target '.mm.S'
Makefile:228: warning: overriding recipe for target '.cxx.o'
€	3±EV:228: warning: ignoring old recipe for target '.cxx.o'
Makefile:232: warning: overriding recipe for target '.cxx.S'
€	3±EV:232: warning: ignoring old recipe for target '.cxx.S'
Makefile:236: warning: overriding recipe for target '.cpp.o'
€	3±EV:236: warning: ignoring old recipe for target '.cpp.o'
Makefile:240: warning: overriding recipe for target '.cpp.S'
€	3±EV:240: warning: ignoring old recipe for target '.cpp.S'
Makefile:244: warning: overriding recipe for target '.c.o'
€	3±EV:244: warning: ignoring old recipe for target '.c.o'
Makefile:248: warning: overriding recipe for target '.c.S'
€	3±EV:248: warning: ignoring old recipe for target '.c.S'
Makefile:252: warning: overriding recipe for target '.m.o'
€	3±EV:252: warning: ignoring old recipe for target '.m.o'
Makefile:256: warning: overriding recipe for target '.m.S'
€	3±EV:256: warning: ignoring old recipe for target '.m.S'
Makefile:260: warning: overriding recipe for target 'unf_ext.so'
€	3±EV:260: warning: ignoring old recipe for target 'unf_ext.so'
compiling unf.cc
linking shared-object unf_ext.so
make[1]: Leaving directory '/home/runner/work/R-custom/R-custom/.vendor/bundle/ruby/2.7.0/gems/unf_ext-0.0.7.7/ext/unf_ext'

current directory: /home/runner/work/R-custom/R-custom/.vendor/bundle/ruby/2.7.0/gems/unf_ext-0.0.7.7/ext/unf_ext
make "DESTDIR=" install
make[1]: Entering directory '/home/runner/work/R-custom/R-custom/.vendor/bundle/ruby/2.7.0/gems/unf_ext-0.0.7.7/ext/unf_ext'
Makefile:175: warning: overriding recipe for target 'clean'
€iÉú•U:175: warning: ignoring old recipe for target 'clean'
Makefile:182: warning: overriding recipe for target 'distclean'
€iÉú•U:182: warning: ignoring old recipe for target 'distclean'
Makefile:190: warning: overriding recipe for target 'install-so'
€iÉú•U:190: warning: ignoring old recipe for target 'install-so'
Makefile:200: warning: overriding recipe for target 'pre-install-rb-default'
€iÉú•U:200: warning: ignoring old recipe for target 'pre-install-rb-default'
Makefile:202: warning: overriding recipe for target '.sitearchdir.time'
€iÉú•U:202: warning: ignoring old recipe for target '.sitearchdir.time'
Makefile:212: warning: overriding recipe for target '.cc.o'
€iÉú•U:212: warning: ignoring old recipe for target '.cc.o'
Makefile:216: warning: overriding recipe for target '.cc.S'
€iÉú•U:216: warning: ignoring old recipe for target '.cc.S'
Makefile:220: warning: overriding recipe for target '.mm.o'
€iÉú•U:220: warning: ignoring old recipe for target '.mm.o'
Makefile:224: warning: overriding recipe for target '.mm.S'
€iÉú•U:224: warning: ignoring old recipe for target '.mm.S'
Makefile:228: warning: overriding recipe for target '.cxx.o'
€iÉú•U:228: warning: ignoring old recipe for target '.cxx.o'
Makefile:232: warning: overriding recipe for target '.cxx.S'
€iÉú•U:232: warning: ignoring old recipe for target '.cxx.S'
Makefile:236: warning: overriding recipe for target '.cpp.o'
€iÉú•U:236: warning: ignoring old recipe for target '.cpp.o'
Makefile:240: warning: overriding recipe for target '.cpp.S'
€iÉú•U:240: warning: ignoring old recipe for target '.cpp.S'
Makefile:244: warning: overriding recipe for target '.c.o'
€iÉú•U:244: warning: ignoring old recipe for target '.c.o'
Makefile:248: warning: overriding recipe for target '.c.S'
€iÉú•U:248: warning: ignoring old recipe for target '.c.S'
Makefile:252: warning: overriding recipe for target '.m.o'
€iÉú•U:252: warning: ignoring old recipe for target '.m.o'
Makefile:256: warning: overriding recipe for target '.m.S'
€iÉú•U:256: warning: ignoring old recipe for target '.m.S'
Makefile:260: warning: overriding recipe for target 'unf_ext.so'
€iÉú•U:260: warning: ignoring old recipe for target 'unf_ext.so'
/usr/bin/install -c -m 0755 unf_ext.so ./.gem.20210712-10072-a7w4fv
make[1]: Leaving directory '/home/runner/work/R-custom/R-custom/.vendor/bundle/ruby/2.7.0/gems/unf_ext-0.0.7.7/ext/unf_ext'
