current directory: /home/runner/work/R-custom/R-custom/.vendor/bundle/ruby/2.7.0/gems/racc-1.5.2/ext/racc/cparse
/opt/hostedtoolcache/Ruby/2.7.3/x64/bin/ruby -I /opt/hostedtoolcache/Ruby/2.7.3/x64/lib/ruby/2.7.0 -r ./siteconf20210629-15179-7mb0lo.rb extconf.rb
checking for rb_ary_subseq()... yes
creating Makefile

current directory: /home/runner/work/R-custom/R-custom/.vendor/bundle/ruby/2.7.0/gems/racc-1.5.2/ext/racc/cparse
make "DESTDIR=" clean
make[1]: Entering directory '/home/runner/work/R-custom/R-custom/.vendor/bundle/ruby/2.7.0/gems/racc-1.5.2/ext/racc/cparse'
Makefile:175: warning: overriding recipe for target 'clean'
€)ÅJ<V:175: warning: ignoring old recipe for target 'clean'
Makefile:182: warning: overriding recipe for target 'distclean'
€)ÅJ<V:182: warning: ignoring old recipe for target 'distclean'
Makefile:190: warning: overriding recipe for target 'install-so'
€)ÅJ<V:190: warning: ignoring old recipe for target 'install-so'
Makefile:200: warning: overriding recipe for target 'pre-install-rb-default'
€)ÅJ<V:200: warning: ignoring old recipe for target 'pre-install-rb-default'
Makefile:202: warning: overriding recipe for target '.sitearchdir.-.racc.time'
€)ÅJ<V:202: warning: ignoring old recipe for target '.sitearchdir.-.racc.time'
Makefile:212: warning: overriding recipe for target '.cc.o'
€)ÅJ<V:212: warning: ignoring old recipe for target '.cc.o'
Makefile:216: warning: overriding recipe for target '.cc.S'
€)ÅJ<V:216: warning: ignoring old recipe for target '.cc.S'
Makefile:220: warning: overriding recipe for target '.mm.o'
€)ÅJ<V:220: warning: ignoring old recipe for target '.mm.o'
Makefile:224: warning: overriding recipe for target '.mm.S'
€)ÅJ<V:224: warning: ignoring old recipe for target '.mm.S'
Makefile:228: warning: overriding recipe for target '.cxx.o'
€)ÅJ<V:228: warning: ignoring old recipe for target '.cxx.o'
Makefile:232: warning: overriding recipe for target '.cxx.S'
€)ÅJ<V:232: warning: ignoring old recipe for target '.cxx.S'
Makefile:236: warning: overriding recipe for target '.cpp.o'
€)ÅJ<V:236: warning: ignoring old recipe for target '.cpp.o'
Makefile:240: warning: overriding recipe for target '.cpp.S'
€)ÅJ<V:240: warning: ignoring old recipe for target '.cpp.S'
Makefile:244: warning: overriding recipe for target '.c.o'
€)ÅJ<V:244: warning: ignoring old recipe for target '.c.o'
Makefile:248: warning: overriding recipe for target '.c.S'
€)ÅJ<V:248: warning: ignoring old recipe for target '.c.S'
Makefile:252: warning: overriding recipe for target '.m.o'
€)ÅJ<V:252: warning: ignoring old recipe for target '.m.o'
Makefile:256: warning: overriding recipe for target '.m.S'
€)ÅJ<V:256: warning: ignoring old recipe for target '.m.S'
Makefile:260: warning: overriding recipe for target 'cparse.so'
€)ÅJ<V:260: warning: ignoring old recipe for target 'cparse.so'
make[1]: Leaving directory '/home/runner/work/R-custom/R-custom/.vendor/bundle/ruby/2.7.0/gems/racc-1.5.2/ext/racc/cparse'

current directory: /home/runner/work/R-custom/R-custom/.vendor/bundle/ruby/2.7.0/gems/racc-1.5.2/ext/racc/cparse
make "DESTDIR="
make[1]: Entering directory '/home/runner/work/R-custom/R-custom/.vendor/bundle/ruby/2.7.0/gems/racc-1.5.2/ext/racc/cparse'
Makefile:175: warning: overriding recipe for target 'clean'
€Ùý°+V:175: warning: ignoring old recipe for target 'clean'
Makefile:182: warning: overriding recipe for target 'distclean'
€Ùý°+V:182: warning: ignoring old recipe for target 'distclean'
Makefile:190: warning: overriding recipe for target 'install-so'
€Ùý°+V:190: warning: ignoring old recipe for target 'install-so'
Makefile:200: warning: overriding recipe for target 'pre-install-rb-default'
€Ùý°+V:200: warning: ignoring old recipe for target 'pre-install-rb-default'
Makefile:202: warning: overriding recipe for target '.sitearchdir.-.racc.time'
€Ùý°+V:202: warning: ignoring old recipe for target '.sitearchdir.-.racc.time'
Makefile:212: warning: overriding recipe for target '.cc.o'
€Ùý°+V:212: warning: ignoring old recipe for target '.cc.o'
Makefile:216: warning: overriding recipe for target '.cc.S'
€Ùý°+V:216: warning: ignoring old recipe for target '.cc.S'
Makefile:220: warning: overriding recipe for target '.mm.o'
€Ùý°+V:220: warning: ignoring old recipe for target '.mm.o'
Makefile:224: warning: overriding recipe for target '.mm.S'
€Ùý°+V:224: warning: ignoring old recipe for target '.mm.S'
Makefile:228: warning: overriding recipe for target '.cxx.o'
€Ùý°+V:228: warning: ignoring old recipe for target '.cxx.o'
Makefile:232: warning: overriding recipe for target '.cxx.S'
€Ùý°+V:232: warning: ignoring old recipe for target '.cxx.S'
Makefile:236: warning: overriding recipe for target '.cpp.o'
€Ùý°+V:236: warning: ignoring old recipe for target '.cpp.o'
Makefile:240: warning: overriding recipe for target '.cpp.S'
€Ùý°+V:240: warning: ignoring old recipe for target '.cpp.S'
Makefile:244: warning: overriding recipe for target '.c.o'
€Ùý°+V:244: warning: ignoring old recipe for target '.c.o'
Makefile:248: warning: overriding recipe for target '.c.S'
€Ùý°+V:248: warning: ignoring old recipe for target '.c.S'
Makefile:252: warning: overriding recipe for target '.m.o'
€Ùý°+V:252: warning: ignoring old recipe for target '.m.o'
Makefile:256: warning: overriding recipe for target '.m.S'
€Ùý°+V:256: warning: ignoring old recipe for target '.m.S'
Makefile:260: warning: overriding recipe for target 'cparse.so'
€Ùý°+V:260: warning: ignoring old recipe for target 'cparse.so'
compiling cparse.c
linking shared-object racc/cparse.so
make[1]: Leaving directory '/home/runner/work/R-custom/R-custom/.vendor/bundle/ruby/2.7.0/gems/racc-1.5.2/ext/racc/cparse'

current directory: /home/runner/work/R-custom/R-custom/.vendor/bundle/ruby/2.7.0/gems/racc-1.5.2/ext/racc/cparse
make "DESTDIR=" install
make[1]: Entering directory '/home/runner/work/R-custom/R-custom/.vendor/bundle/ruby/2.7.0/gems/racc-1.5.2/ext/racc/cparse'
Makefile:175: warning: overriding recipe for target 'clean'
€	Ý§YU:175: warning: ignoring old recipe for target 'clean'
Makefile:182: warning: overriding recipe for target 'distclean'
€	Ý§YU:182: warning: ignoring old recipe for target 'distclean'
Makefile:190: warning: overriding recipe for target 'install-so'
€	Ý§YU:190: warning: ignoring old recipe for target 'install-so'
Makefile:200: warning: overriding recipe for target 'pre-install-rb-default'
€	Ý§YU:200: warning: ignoring old recipe for target 'pre-install-rb-default'
Makefile:202: warning: overriding recipe for target '.sitearchdir.-.racc.time'
€	Ý§YU:202: warning: ignoring old recipe for target '.sitearchdir.-.racc.time'
Makefile:212: warning: overriding recipe for target '.cc.o'
€	Ý§YU:212: warning: ignoring old recipe for target '.cc.o'
Makefile:216: warning: overriding recipe for target '.cc.S'
€	Ý§YU:216: warning: ignoring old recipe for target '.cc.S'
Makefile:220: warning: overriding recipe for target '.mm.o'
€	Ý§YU:220: warning: ignoring old recipe for target '.mm.o'
Makefile:224: warning: overriding recipe for target '.mm.S'
€	Ý§YU:224: warning: ignoring old recipe for target '.mm.S'
Makefile:228: warning: overriding recipe for target '.cxx.o'
€	Ý§YU:228: warning: ignoring old recipe for target '.cxx.o'
Makefile:232: warning: overriding recipe for target '.cxx.S'
€	Ý§YU:232: warning: ignoring old recipe for target '.cxx.S'
Makefile:236: warning: overriding recipe for target '.cpp.o'
€	Ý§YU:236: warning: ignoring old recipe for target '.cpp.o'
Makefile:240: warning: overriding recipe for target '.cpp.S'
€	Ý§YU:240: warning: ignoring old recipe for target '.cpp.S'
Makefile:244: warning: overriding recipe for target '.c.o'
€	Ý§YU:244: warning: ignoring old recipe for target '.c.o'
Makefile:248: warning: overriding recipe for target '.c.S'
€	Ý§YU:248: warning: ignoring old recipe for target '.c.S'
Makefile:252: warning: overriding recipe for target '.m.o'
€	Ý§YU:252: warning: ignoring old recipe for target '.m.o'
Makefile:256: warning: overriding recipe for target '.m.S'
€	Ý§YU:256: warning: ignoring old recipe for target '.m.S'
Makefile:260: warning: overriding recipe for target 'cparse.so'
€	Ý§YU:260: warning: ignoring old recipe for target 'cparse.so'
/usr/bin/install -c -m 0755 cparse.so ./.gem.20210629-15179-16sgc1y/racc
make[1]: Leaving directory '/home/runner/work/R-custom/R-custom/.vendor/bundle/ruby/2.7.0/gems/racc-1.5.2/ext/racc/cparse'
